This is XeTeX, Version 3.141592653-2.6-0.999996 (TeX Live 2024) (preloaded format=xelatex 2024.11.28)  10 OCT 2025 20:31
entering extended mode
 restricted \write18 enabled.
 %&-line parsing enabled.
**./static/paper
(./static/paper/conference_101719.tex
! Interruption.
<to be read again> 
                   \immediate 
l.1 
    % This file should be built with xelatex, not the standard latexmk.
? 
LaTeX2e <2023-11-01> patch level 1
L3 programming layer <2024-02-20>

! LaTeX Error: File `IEEEtran.cls' not found.

Type X to quit or <RETURN> to proceed,
or enter new name. (Default extension: cls)

Enter file name: 
! Undefined control sequence.
<recently read> \IEEEoverridecommandlockouts 
                                             
l.4 \IEEEoverridecommandlockouts
                                
? 
(/usr/local/texlive/2024basic/texmf-dist/tex/latex/cite/cite.sty
LaTeX Info: Redefining \cite on input line 302.
LaTeX Info: Redefining \nocite on input line 332.
Package: cite 2015/02/27  v 5.5
)
(/usr/local/texlive/2024basic/texmf-dist/tex/latex/amsmath/amsmath.sty
Package: amsmath 2023/05/13 v2.17o AMS math features
\@mathmargin=\skip48

For additional information on amsmath, use the `?' option.
(/usr/local/texlive/2024basic/texmf-dist/tex/latex/amsmath/amstext.sty
Package: amstext 2021/08/26 v2.01 AMS text

(/usr/local/texlive/2024basic/texmf-dist/tex/latex/amsmath/amsgen.sty
File: amsgen.sty 1999/11/30 v2.0 generic functions
\@emptytoks=\toks17
\ex@=\dimen140
))
(/usr/local/texlive/2024basic/texmf-dist/tex/latex/amsmath/amsbsy.sty
Package: amsbsy 1999/11/29 v1.2d Bold Symbols
\pmbraise@=\dimen141
)
(/usr/local/texlive/2024basic/texmf-dist/tex/latex/amsmath/amsopn.sty
Package: amsopn 2022/04/08 v2.04 operator names
)
\inf@bad=\count184
LaTeX Info: Redefining \frac on input line 234.
\uproot@=\count185
\leftroot@=\count186
LaTeX Info: Redefining \overline on input line 399.
LaTeX Info: Redefining \colon on input line 410.
\classnum@=\count187
\DOTSCASE@=\count188
LaTeX Info: Redefining \ldots on input line 496.
LaTeX Info: Redefining \dots on input line 499.
LaTeX Info: Redefining \cdots on input line 620.
\Mathstrutbox@=\box51
\strutbox@=\box52
LaTeX Info: Redefining \big on input line 722.
LaTeX Info: Redefining \Big on input line 723.
LaTeX Info: Redefining \bigg on input line 724.
LaTeX Info: Redefining \Bigg on input line 725.
\big@size=\dimen142
LaTeX Font Info:    Redeclaring font encoding OML on input line 743.
LaTeX Font Info:    Redeclaring font encoding OMS on input line 744.
\macc@depth=\count189
LaTeX Info: Redefining \bmod on input line 905.
LaTeX Info: Redefining \pmod on input line 910.
LaTeX Info: Redefining \smash on input line 940.
LaTeX Info: Redefining \relbar on input line 970.
LaTeX Info: Redefining \Relbar on input line 971.
\c@MaxMatrixCols=\count190
\dotsspace@=\muskip16
\c@parentequation=\count191
\dspbrk@lvl=\count192
\tag@help=\toks18
\row@=\count193
\column@=\count194
\maxfields@=\count195
\andhelp@=\toks19
\eqnshift@=\dimen143
\alignsep@=\dimen144
\tagshift@=\dimen145
\tagwidth@=\dimen146
\totwidth@=\dimen147
\lineht@=\dimen148
\@envbody=\toks20
\multlinegap=\skip49
\multlinetaggap=\skip50
\mathdisplay@stack=\toks21
LaTeX Info: Redefining \[ on input line 2953.
LaTeX Info: Redefining \] on input line 2954.
)
(/usr/local/texlive/2024basic/texmf-dist/tex/latex/amsfonts/amssymb.sty
Package: amssymb 2013/01/14 v3.01 AMS font symbols

(/usr/local/texlive/2024basic/texmf-dist/tex/latex/amsfonts/amsfonts.sty
Package: amsfonts 2013/01/14 v3.01 Basic AMSFonts support
\symAMSa=\mathgroup4
\symAMSb=\mathgroup5
LaTeX Font Info:    Redeclaring math symbol \hbar on input line 98.
LaTeX Font Info:    Overwriting math alphabet `\mathfrak' in version `bold'
(Font)                  U/euf/m/n --> U/euf/b/n on input line 106.
))
(/usr/local/texlive/2024basic/texmf-dist/tex/latex/algorithms/algorithmic.sty
Invalid UTF-8 byte or sequence at line 11 replaced by U+FFFD.
Package: algorithmic 2009/08/24 v0.1 Document Style `algorithmic'

(/usr/local/texlive/2024basic/texmf-dist/tex/latex/base/ifthen.sty
Package: ifthen 2022/04/13 v1.1d Standard LaTeX ifthen package (DPC)
)
(/usr/local/texlive/2024basic/texmf-dist/tex/latex/graphics/keyval.sty
Package: keyval 2022/05/29 v1.15 key=value parser (DPC)
\KV@toks@=\toks22
)
\c@ALC@unique=\count196
\c@ALC@line=\count197
\c@ALC@rem=\count198
\c@ALC@depth=\count199
\ALC@tlm=\skip51
\algorithmicindent=\skip52
)
(/usr/local/texlive/2024basic/texmf-dist/tex/latex/graphics/graphicx.sty
Package: graphicx 2021/09/16 v1.2d Enhanced LaTeX Graphics (DPC,SPQR)

(/usr/local/texlive/2024basic/texmf-dist/tex/latex/graphics/graphics.sty
Package: graphics 2022/03/10 v1.4e Standard LaTeX Graphics (DPC,SPQR)

(/usr/local/texlive/2024basic/texmf-dist/tex/latex/graphics/trig.sty
Package: trig 2021/08/11 v1.11 sin cos tan (DPC)
)
(/usr/local/texlive/2024basic/texmf-dist/tex/latex/graphics-cfg/graphics.cfg
File: graphics.cfg 2016/06/04 v1.11 sample graphics configuration
)
Package graphics Info: Driver file: xetex.def on input line 107.

(/usr/local/texlive/2024basic/texmf-dist/tex/latex/graphics-def/xetex.def
File: xetex.def 2022/09/22 v5.0n Graphics/color driver for xetex
))
\Gin@req@height=\dimen149
\Gin@req@width=\dimen150
)
(/usr/local/texlive/2024basic/texmf-dist/tex/latex/base/textcomp.sty
Package: textcomp 2020/02/02 v2.0n Standard LaTeX package
)
(/usr/local/texlive/2024basic/texmf-dist/tex/latex/xcolor/xcolor.sty
Package: xcolor 2023/11/15 v3.01 LaTeX color extensions (UK)

(/usr/local/texlive/2024basic/texmf-dist/tex/latex/graphics-cfg/color.cfg
File: color.cfg 2016/01/02 v1.6 sample color configuration
)
Package xcolor Info: Driver file: xetex.def on input line 274.

(/usr/local/texlive/2024basic/texmf-dist/tex/latex/graphics/mathcolor.ltx)
Package xcolor Info: Model `cmy' substituted by `cmy0' on input line 1350.
Package xcolor Info: Model `RGB' extended on input line 1366.
Package xcolor Info: Model `HTML' substituted by `rgb' on input line 1368.
Package xcolor Info: Model `Hsb' substituted by `hsb' on input line 1369.
Package xcolor Info: Model `tHsb' substituted by `hsb' on input line 1370.
Package xcolor Info: Model `HSB' substituted by `hsb' on input line 1371.
Package xcolor Info: Model `Gray' substituted by `gray' on input line 1372.
Package xcolor Info: Model `wave' substituted by `hsb' on input line 1373.
)
(/usr/local/texlive/2024basic/texmf-dist/tex/latex/multirow/multirow.sty
Package: multirow 2024/11/12 v2.9 Span multiple rows of a table
\multirow@colwidth=\skip53
\multirow@cntb=\count266
\multirow@dima=\skip54
\bigstrutjot=\dimen151
)
(/usr/local/texlive/2024basic/texmf-dist/tex/latex/tools/tabularx.sty
Package: tabularx 2023/07/08 v2.11c `tabularx' package (DPC)

(/usr/local/texlive/2024basic/texmf-dist/tex/latex/tools/array.sty
Package: array 2023/10/16 v2.5g Tabular extension package (FMi)
\col@sep=\dimen152
\ar@mcellbox=\box53
\extrarowheight=\dimen153
\NC@list=\toks23
\extratabsurround=\skip55
\backup@length=\skip56
\ar@cellbox=\box54
)
\TX@col@width=\dimen154
\TX@old@table=\dimen155
\TX@old@col=\dimen156
\TX@target=\dimen157
\TX@delta=\dimen158
\TX@cols=\count267
\TX@ftn=\toks24
)
(/usr/local/texlive/2024basic/texmf-dist/tex/latex/listings/listings.sty
\lst@mode=\count268
\lst@gtempboxa=\box55
\lst@token=\toks25
\lst@length=\count269
\lst@currlwidth=\dimen159
\lst@column=\count270
\lst@pos=\count271
\lst@lostspace=\dimen160
\lst@width=\dimen161
\lst@newlines=\count272
\lst@lineno=\count273
\abovecaptionskip=\skip57
\belowcaptionskip=\skip58
\lst@maxwidth=\dimen162

(/usr/local/texlive/2024basic/texmf-dist/tex/latex/listings/lstpatch.sty
File: lstpatch.sty 2024/02/21 1.10 (Carsten Heinz)
)
(/usr/local/texlive/2024basic/texmf-dist/tex/latex/listings/lstmisc.sty
File: lstmisc.sty 2024/02/21 1.10 (Carsten Heinz)
\c@lstnumber=\count274
\lst@skipnumbers=\count275
\lst@framebox=\box56
)
(/usr/local/texlive/2024basic/texmf-dist/tex/latex/listings/listings.cfg
File: listings.cfg 2024/02/21 1.10 listings configuration
))
Package: listings 2024/02/21 1.10 (Carsten Heinz)

(/usr/local/texlive/2024basic/texmf-dist/tex/latex/listings/lstlang1.sty
File: lstlang1.sty 2024/02/21 1.10 listings language file
)
(/usr/local/texlive/2024basic/texmf-dist/tex/latex/polyglossia/polyglossia.sty
Package: polyglossia 2024/03/07 v2.1 Modern multilingual typesetting with XeLaT
eX and LuaLaTeX

(/usr/local/texlive/2024basic/texmf-dist/tex/latex/etoolbox/etoolbox.sty
Package: etoolbox 2020/10/05 v2.5k e-TeX tools for LaTeX (JAW)
\etb@tempcnta=\count276
)
(/usr/local/texlive/2024basic/texmf-dist/tex/latex/xkeyval/xkeyval.sty
Package: xkeyval 2022/06/16 v2.9 package option processing (HA)

(/usr/local/texlive/2024basic/texmf-dist/tex/generic/xkeyval/xkeyval.tex
(/usr/local/texlive/2024basic/texmf-dist/tex/generic/xkeyval/xkvutils.tex
\XKV@toks=\toks26
\XKV@tempa@toks=\toks27
)
\XKV@depth=\count277
File: xkeyval.tex 2014/12/03 v2.7a key=value parser (HA)
)

! Package xkeyval Error: xkeyval loaded before \documentclass.

See the xkeyval package documentation for explanation.
Type  H <return>  for immediate help.
 ...                                              
                                                  
l.58 ...yval loaded before \protect\documentclass}
                                                  %
? 
) (/usr/local/texlive/2024basic/texmf-dist/tex/latex/fontspec/fontspec.sty
(/usr/local/texlive/2024basic/texmf-dist/tex/latex/l3packages/xparse/xparse.sty
(/usr/local/texlive/2024basic/texmf-dist/tex/latex/l3kernel/expl3.sty
Package: expl3 2024-02-20 L3 programming layer (loader) 

(/usr/local/texlive/2024basic/texmf-dist/tex/latex/l3backend/l3backend-xetex.de
f
File: l3backend-xetex.def 2024-02-20 L3 backend support: XeTeX
\g__graphics_track_int=\count278
\l__pdf_internal_box=\box57
\g__pdf_backend_object_int=\count279
\g__pdf_backend_annotation_int=\count280
\g__pdf_backend_link_int=\count281
))
Package: xparse 2024-02-18 L3 Experimental document command parser
)
Package: fontspec 2024/02/13 v2.9a Font selection for XeLaTeX and LuaLaTeX

(/usr/local/texlive/2024basic/texmf-dist/tex/latex/fontspec/fontspec-xetex.sty
Package: fontspec-xetex 2024/02/13 v2.9a Font selection for XeLaTeX and LuaLaTe
X
\l__fontspec_script_int=\count282
\l__fontspec_language_int=\count283
\l__fontspec_strnum_int=\count284
\l__fontspec_tmp_int=\count285
\l__fontspec_tmpa_int=\count286
\l__fontspec_tmpb_int=\count287
\l__fontspec_tmpc_int=\count288
\l__fontspec_em_int=\count289
\l__fontspec_emdef_int=\count290
\l__fontspec_strong_int=\count291
\l__fontspec_strongdef_int=\count292
\l__fontspec_tmpa_dim=\dimen163
\l__fontspec_tmpb_dim=\dimen164
\l__fontspec_tmpc_dim=\dimen165

(/usr/local/texlive/2024basic/texmf-dist/tex/latex/base/fontenc.sty
Package: fontenc 2021/04/29 v2.0v Standard LaTeX package
)
(/usr/local/texlive/2024basic/texmf-dist/tex/latex/fontspec/fontspec.cfg)))
(/usr/local/texlive/2024basic/texmf-dist/tex/generic/iftex/iftex.sty
Package: iftex 2022/02/03 v1.0f TeX engine tests
)
(/usr/local/texlive/2024basic/texmf-dist/tex/latex/polyglossia/gloss-latex.ldf
File: gloss-latex.ldf polyglossia: module for default language
)
Package polyglossia Info: Default language is latex.
)
(/usr/local/texlive/2024basic/texmf-dist/tex/latex/polyglossia/gloss-english.ld
f
File: gloss-english.ldf polyglossia: module for English
Package polyglossia Info: Option: English, variant=american.
)
Package polyglossia Info: Default language is english.

(/usr/local/texlive/2024basic/texmf-dist/tex/latex/polyglossia/gloss-urdu.ldf
File: gloss-urdu.ldf polyglossia: module for Urdu

(/usr/local/texlive/2024basic/texmf-dist/tex/xelatex/bidi/bidi.sty
Package: bidi 2023/08/02 v39.8 (Release Donald Ervin Knuth) Bidirectional types
etting in plain TeX and LaTeX

****************************************************
* 
* bidi package (Bidirectional typesetting in
* plain TeX and LaTeX, using XeTeX engine)
* 
* Description: A convenient interface for
* typesetting bidirectional texts in plain TeX
* and LaTeX. The package includes adaptations
* for use with many other commonly-used packages.
* 
* Copyright (c) 2007--2023 Vafa Khalighi
* Copyright (c) 2018--2020 bidi-tex GitHub organization
* 
* v39.8 (Release Donald Ervin Knuth), 2023/08/02
* 
* License: LaTeX Project Public License, version
* 1.3c or higher (your choice)
* 
* Location on CTAN: /macros/xetex/latex/bidi
* 
* Issue tracker: https://github.com/kvafa/bidi/issues
* 
* Discussions: https://github.com/kvafa/bidi/discussions
* 
* Primary author of bidi package: Vafa Khalighi.
* 
****************************************************
(/usr/local/texlive/2024basic/texmf-dist/tex/xelatex/bidi/biditools.sty
Package: biditools 2022/06/15 v2.3 Programming tools for bidi package
\@bidi@envbody=\toks28
\@bidi@emptytoks=\toks29
\bidi@poscount=\count293
\bidi@tempcountb=\count294
\bidi@temptoksa=\toks30
\bidi@temptoksb=\toks31
\bidi@dummies=\count295
\bidi@are@these@correct=\toks32
\bidi@toks@lista=\toks33
\bidi@toks@listb=\toks34
\bidi@stack@length=\count296
\bidi@empty@stack=\toks35
\bidi@looprepeat@depth=\count297
)
(/usr/local/texlive/2024basic/texmf-dist/tex/latex/zref/zref-abspage.sty
Package: zref-abspage 2023-09-14 v2.35 Module abspage for zref (HO)

(/usr/local/texlive/2024basic/texmf-dist/tex/latex/zref/zref-base.sty
Package: zref-base 2023-09-14 v2.35 Module base for zref (HO)

(/usr/local/texlive/2024basic/texmf-dist/tex/generic/ltxcmds/ltxcmds.sty
Package: ltxcmds 2023-12-04 v1.26 LaTeX kernel commands for general use (HO)
)
(/usr/local/texlive/2024basic/texmf-dist/tex/generic/infwarerr/infwarerr.sty
Package: infwarerr 2019/12/03 v1.5 Providing info/warning/error messages (HO)
)
(/usr/local/texlive/2024basic/texmf-dist/tex/latex/kvsetkeys/kvsetkeys.sty
Package: kvsetkeys 2022-10-05 v1.19 Key value parser (HO)
)
(/usr/local/texlive/2024basic/texmf-dist/tex/generic/kvdefinekeys/kvdefinekeys.
sty
Package: kvdefinekeys 2019-12-19 v1.6 Define keys (HO)
)
(/usr/local/texlive/2024basic/texmf-dist/tex/generic/pdftexcmds/pdftexcmds.sty
Package: pdftexcmds 2020-06-27 v0.33 Utility functions of pdfTeX for LuaTeX (HO
)
Package pdftexcmds Info: \pdf@primitive is available.
Package pdftexcmds Info: \pdf@ifprimitive is available.
Package pdftexcmds Info: \pdfdraftmode not found.
) (/usr/local/texlive/2024basic/texmf-dist/tex/generic/etexcmds/etexcmds.sty
Package: etexcmds 2019/12/15 v1.7 Avoid name clashes with e-TeX commands (HO)
)
(/usr/local/texlive/2024basic/texmf-dist/tex/latex/auxhook/auxhook.sty
Package: auxhook 2019-12-17 v1.6 Hooks for auxiliary files (HO)
)
Package zref Info: New property list: main on input line 767.
Package zref Info: New property: default on input line 768.
Package zref Info: New property: page on input line 769.
)
\c@abspage=\count298
Package zref Info: New property: abspage on input line 67.
)
\@bidi@copyins@=\insert252

(/usr/local/texlive/2024basic/texmf-dist/tex/xelatex/bidi/latex-xetex-bidi.def
File: latex-xetex-bidi.def 2022/07/04 v1.4.9 bidi adaptations for `latex.ltx' f
or XeTeX engine
\bidi@n@everypar=\toks36
\bidi@column@check@number=\count299

(/usr/local/texlive/2024basic/texmf-dist/tex/xelatex/bidi/footnote-xetex-bidi.d
ef
File: footnote-xetex-bidi.def 2023/01/18 v1.2 bidi footnote macros for XeTeX en
gine
\c@footdir@label=\count300
\footdir@toks=\toks37
)
(/usr/local/texlive/2024basic/texmf-dist/tex/xelatex/bidi/amsmath-xetex-bidi.de
f
File: amsmath-xetex-bidi.def 2020/05/16 v1.2 bidi adaptations for amsmath packa
ge for XeTeX engine
)
(/usr/local/texlive/2024basic/texmf-dist/tex/xelatex/bidi/amstext-xetex-bidi.de
f
File: amstext-xetex-bidi.def 2016/09/12 v0.2 bidi adaptations for amstext packa
ge for XeTeX engine
)
(/usr/local/texlive/2024basic/texmf-dist/tex/xelatex/bidi/color-xetex-bidi.def
File: color-xetex-bidi.def 2013/04/08 v0.2 bidi adaptations for color package f
or XeTeX engine
LaTeX Info: Redefining \color on input line 49.
)
(/usr/local/texlive/2024basic/texmf-dist/tex/xelatex/bidi/xcolor-xetex-bidi.def
File: xcolor-xetex-bidi.def 2022/06/13 v0.3 bidi adaptations for xcolor package
 for XeTeX engine
LaTeX Info: Redefining \color on input line 48.
LaTeX Info: Redefining \bidicolor on input line 91.
)
(/usr/local/texlive/2024basic/texmf-dist/tex/xelatex/bidi/graphicx-xetex-bidi.d
ef
File: graphicx-xetex-bidi.def 2017/06/17 v0.5 bidi adaptations for graphicx pac
kage for XeTeX engine
)
(/usr/local/texlive/2024basic/texmf-dist/tex/xelatex/bidi/tabularx-xetex-bidi.d
ef
File: tabularx-xetex-bidi.def 2014/11/08 v0.1 bidi adaptations for tabularx pac
kage for XeTeX engine
)
(/usr/local/texlive/2024basic/texmf-dist/tex/xelatex/bidi/listings-xetex-bidi.d
ef
File: listings-xetex-bidi.def 2018/09/15 v1.5 bidi adaptations for listings pac
kage for XeTeX engine
)
(/usr/local/texlive/2024basic/texmf-dist/tex/xelatex/bidi/array-xetex-bidi.def
File: array-xetex-bidi.def 2015/11/07 v0.3 bidi adaptations for array package f
or XeTeX engine
))
(/usr/local/texlive/2024basic/texmf-dist/tex/xelatex/bidi/loadingorder-xetex-bi
di.def
File: loadingorder-xetex-bidi.def 2017/12/29 v0.97 making sure that bidi is the
 last package loaded
)
\bidi@digits=\count301
\bidi@digits@charclass=\XeTeXcharclass1
\bidi@sepmark@charclass=\XeTeXcharclass2
)
(/usr/local/texlive/2024basic/texmf-dist/tex/latex/polyglossia/arabicnumbers.st
y
Package: arabicnumbers 2010/03/18 v0.2 Formatting of Arabic and Farsi digits an
d of Arabic abjad numerals
) (/usr/local/texlive/2024basic/texmf-dist/tex/latex/polyglossia/hijrical.sty
Package: hijrical 2010/07/12 v0.2 Islamic calendar

(/usr/local/texlive/2024basic/texmf-dist/tex/latex/tools/calc.sty
Package: calc 2023/07/08 v4.3 Infix arithmetic (KKT,FJ)
\calc@Acount=\count302
\calc@Bcount=\count303
\calc@Adimen=\dimen166
\calc@Bdimen=\dimen167
\calc@Askip=\skip59
\calc@Bskip=\skip60
LaTeX Info: Redefining \setlength on input line 80.
LaTeX Info: Redefining \addtolength on input line 81.
\calc@Ccount=\count304
\calc@Cskip=\skip61
)
(/usr/local/texlive/2024basic/texmf-dist/tex/latex/polyglossia/cal-util.def
\c@tmpA=\count305
\c@tmpB=\count306
\c@tmpC=\count307
\c@tmpD=\count308
\c@tmpE=\count309
\c@tmpF=\count310
)
\c@Hijriday=\count311
\c@Hijrimonth=\count312
\c@Hijriyear=\count313
)
Package polyglossia Info: Option: Urdu, calendar=gregorian.
Package polyglossia Info: Option: Urdu, numerals=eastern.
)

Package fontspec Info: Jameel Noori Nastaleeq scale = 1.2.


Package fontspec Info: Could not resolve font "Jameel Noori Nastaleeq/BI" (it
(fontspec)             probably doesn't exist).


Package fontspec Info: Could not resolve font "Jameel Noori Nastaleeq/B" (it
(fontspec)             probably doesn't exist).


Package fontspec Info: Could not resolve font "Jameel Noori Nastaleeq/I" (it
(fontspec)             probably doesn't exist).


Package fontspec Info: Jameel Noori Nastaleeq scale = 1.2.



! LaTeX Error: The font size command \normalsize is not defined:
               there is probably something wrong with the class file.

See the LaTeX manual or LaTeX Companion for explanation.
Type  H <return>  for immediate help.
 ...                                              
                                                  
l.58 
     
? 

Package fontspec Info: Font family 'JameelNooriNastaleeq(0)' created for font
(fontspec)             'Jameel Noori Nastaleeq' with options
(fontspec)             [Script=Arabic,Scale=1.2].
(fontspec)              
(fontspec)              This font family consists of the following NFSS
(fontspec)             series/shapes:
(fontspec)              
(fontspec)             - 'normal' (m/n) with NFSS spec.: <->s*[1.2]"Jameel
(fontspec)             Noori Nastaleeq/OT:script=arab;language=dflt;"
(fontspec)             - 'small caps'  (m/sc) with NFSS spec.: 

No file conference_101719.aux.
\openout1 = `conference_101719.aux'.

LaTeX Font Info:    Checking defaults for OML/cmm/m/it on input line 61.
LaTeX Font Info:    ... okay on input line 61.
LaTeX Font Info:    Checking defaults for OMS/cmsy/m/n on input line 61.
LaTeX Font Info:    ... okay on input line 61.
LaTeX Font Info:    Checking defaults for OT1/cmr/m/n on input line 61.
LaTeX Font Info:    ... okay on input line 61.
LaTeX Font Info:    Checking defaults for T1/cmr/m/n on input line 61.
LaTeX Font Info:    ... okay on input line 61.
LaTeX Font Info:    Checking defaults for TS1/cmr/m/n on input line 61.
LaTeX Font Info:    Trying to load font information for TS1+cmr on input line 6
1.
(/usr/local/texlive/2024basic/texmf-dist/tex/latex/base/ts1cmr.fd
File: ts1cmr.fd 2023/04/13 v2.5m Standard LaTeX font definitions
)
LaTeX Font Info:    ... okay on input line 61.
LaTeX Font Info:    Checking defaults for TU/lmr/m/n on input line 61.
LaTeX Font Info:    ... okay on input line 61.
LaTeX Font Info:    Checking defaults for OMX/cmex/m/n on input line 61.
LaTeX Font Info:    ... okay on input line 61.
LaTeX Font Info:    Checking defaults for U/cmr/m/n on input line 61.
LaTeX Font Info:    ... okay on input line 61.


! LaTeX Error: The font size command \normalsize is not defined:
               there is probably something wrong with the class file.

See the LaTeX manual or LaTeX Companion for explanation.
Type  H <return>  for immediate help.
 ...                                              
                                                  
l.61 \begin{document}
                     
? ^^[
Type <return> to proceed, S to scroll future error messages,
R to run without stopping, Q to run quietly,
I to insert something, E to edit your file,
1 or ... or 9 to ignore the next 1 to 9 tokens of input,
H for help, X to quit.
? 
\c@lstlisting=\count314

Package fontspec Info: Adjusting the maths setup (use [no-math] to avoid
(fontspec)             this).

\symlegacymaths=\mathgroup6
LaTeX Font Info:    Overwriting symbol font `legacymaths' in version `bold'
(Font)                  OT1/cmr/m/n --> OT1/cmr/bx/n on input line 61.
LaTeX Font Info:    Redeclaring math accent \acute on input line 61.
LaTeX Font Info:    Redeclaring math accent \grave on input line 61.
LaTeX Font Info:    Redeclaring math accent \ddot on input line 61.
LaTeX Font Info:    Redeclaring math accent \tilde on input line 61.
LaTeX Font Info:    Redeclaring math accent \bar on input line 61.
LaTeX Font Info:    Redeclaring math accent \breve on input line 61.
LaTeX Font Info:    Redeclaring math accent \check on input line 61.
LaTeX Font Info:    Redeclaring math accent \hat on input line 61.
LaTeX Font Info:    Redeclaring math accent \dot on input line 61.
LaTeX Font Info:    Redeclaring math accent \mathring on input line 61.
LaTeX Font Info:    Redeclaring math symbol \Gamma on input line 61.
LaTeX Font Info:    Redeclaring math symbol \Delta on input line 61.
LaTeX Font Info:    Redeclaring math symbol \Theta on input line 61.
LaTeX Font Info:    Redeclaring math symbol \Lambda on input line 61.
LaTeX Font Info:    Redeclaring math symbol \Xi on input line 61.
LaTeX Font Info:    Redeclaring math symbol \Pi on input line 61.
LaTeX Font Info:    Redeclaring math symbol \Sigma on input line 61.
LaTeX Font Info:    Redeclaring math symbol \Upsilon on input line 61.
LaTeX Font Info:    Redeclaring math symbol \Phi on input line 61.
LaTeX Font Info:    Redeclaring math symbol \Psi on input line 61.
LaTeX Font Info:    Redeclaring math symbol \Omega on input line 61.
LaTeX Font Info:    Redeclaring math symbol \mathdollar on input line 61.
LaTeX Font Info:    Redeclaring symbol font `operators' on input line 61.
LaTeX Font Info:    Encoding `OT1' has changed to `TU' for symbol font
(Font)              `operators' in the math version `normal' on input line 61.
LaTeX Font Info:    Overwriting symbol font `operators' in version `normal'
(Font)                  OT1/cmr/m/n --> TU/lmr/m/n on input line 61.
LaTeX Font Info:    Encoding `OT1' has changed to `TU' for symbol font
(Font)              `operators' in the math version `bold' on input line 61.
LaTeX Font Info:    Overwriting symbol font `operators' in version `bold'
(Font)                  OT1/cmr/bx/n --> TU/lmr/m/n on input line 61.
LaTeX Font Info:    Overwriting symbol font `operators' in version `normal'
(Font)                  TU/lmr/m/n --> TU/lmr/m/n on input line 61.
LaTeX Font Info:    Overwriting math alphabet `\mathit' in version `normal'
(Font)                  OT1/cmr/m/it --> TU/lmr/m/it on input line 61.
LaTeX Font Info:    Overwriting math alphabet `\mathbf' in version `normal'
(Font)                  OT1/cmr/bx/n --> TU/lmr/b/n on input line 61.
LaTeX Font Info:    Overwriting math alphabet `\mathsf' in version `normal'
(Font)                  OT1/cmss/m/n --> TU/lmss/m/n on input line 61.
LaTeX Font Info:    Overwriting math alphabet `\mathtt' in version `normal'
(Font)                  OT1/cmtt/m/n --> TU/lmtt/m/n on input line 61.
LaTeX Font Info:    Overwriting symbol font `operators' in version `bold'
(Font)                  TU/lmr/m/n --> TU/lmr/b/n on input line 61.
LaTeX Font Info:    Overwriting math alphabet `\mathit' in version `bold'
(Font)                  OT1/cmr/bx/it --> TU/lmr/b/it on input line 61.
LaTeX Font Info:    Overwriting math alphabet `\mathsf' in version `bold'
(Font)                  OT1/cmss/bx/n --> TU/lmss/b/n on input line 61.
LaTeX Font Info:    Overwriting math alphabet `\mathtt' in version `bold'
(Font)                  OT1/cmtt/m/n --> TU/lmtt/b/n on input line 61.
LaTeX Info: Redefining \rmfamily on input line 61.
LaTeX Info: Redefining \sffamily on input line 61.
LaTeX Info: Redefining \ttfamily on input line 61.
! Undefined control sequence.
l.83 \maketitle
               
? ^^[^^[x
Type <return> to proceed, S to scroll future error messages,
R to run without stopping, Q to run quietly,
I to insert something, E to edit your file,
1 or ... or 9 to ignore the next 1 to 9 tokens of input,
H for help, X to quit.
? x
 
Here is how much of TeX's memory you used:
 10222 strings out of 476290
 225100 string characters out of 5789827
 1918839 words of memory out of 5000000
 32130 multiletter control sequences out of 15000+600000
 558117 words of font info for 42 fonts, out of 8000000 for 9000
 319 hyphenation exceptions out of 8191
 93i,1n,107p,1167b,265s stack positions out of 10000i,1000n,20000p,200000b,200000s
No pages of output.
